<?xml version="1.0" encoding="UTF-8"?>
<coverage generated="1645913305376" clover="3.2.0">
  <project timestamp="1645913305376" name="All files">
    <metrics statements="383" coveredstatements="376" conditionals="40" coveredconditionals="34" methods="10" coveredmethods="10" elements="433" coveredelements="420" complexity="0" loc="383" ncloc="383" packages="2" files="4" classes="4"/>
    <package name="parameter">
      <metrics statements="3" coveredstatements="3" conditionals="1" coveredconditionals="1" methods="0" coveredmethods="0"/>
      <file name="index.js" path="/Users/jsanders/Development/cloud-technology/delta/packages/parameter/index.js">
        <metrics statements="3" coveredstatements="3" conditionals="1" coveredconditionals="1" methods="0" coveredmethods="0"/>
        <line num="1" count="20" type="cond" truecount="1" falsecount="0"/>
        <line num="2" count="20" type="stmt"/>
        <line num="3" count="20" type="stmt"/>
      </file>
    </package>
    <package name="parameter.src">
      <metrics statements="380" coveredstatements="373" conditionals="39" coveredconditionals="33" methods="10" coveredmethods="10"/>
      <file name="index.js" path="/Users/jsanders/Development/cloud-technology/delta/packages/parameter/src/index.js">
        <metrics statements="3" coveredstatements="3" conditionals="1" coveredconditionals="1" methods="0" coveredmethods="0"/>
        <line num="1" count="20" type="cond" truecount="1" falsecount="0"/>
        <line num="2" count="20" type="stmt"/>
        <line num="3" count="20" type="stmt"/>
      </file>
      <file name="parameter.js" path="/Users/jsanders/Development/cloud-technology/delta/packages/parameter/src/parameter.js">
        <metrics statements="333" coveredstatements="326" conditionals="29" coveredconditionals="24" methods="7" coveredmethods="7"/>
        <line num="1" count="20" type="cond" truecount="1" falsecount="0"/>
        <line num="2" count="20" type="stmt"/>
        <line num="3" count="20" type="stmt"/>
        <line num="4" count="20" type="stmt"/>
        <line num="5" count="20" type="stmt"/>
        <line num="6" count="20" type="stmt"/>
        <line num="7" count="20" type="stmt"/>
        <line num="8" count="20" type="stmt"/>
        <line num="9" count="20" type="stmt"/>
        <line num="10" count="20" type="stmt"/>
        <line num="11" count="20" type="stmt"/>
        <line num="12" count="20" type="stmt"/>
        <line num="13" count="20" type="stmt"/>
        <line num="14" count="20" type="cond" truecount="1" falsecount="0"/>
        <line num="15" count="20" type="stmt"/>
        <line num="16" count="20" type="stmt"/>
        <line num="17" count="20" type="stmt"/>
        <line num="18" count="20" type="stmt"/>
        <line num="19" count="20" type="stmt"/>
        <line num="20" count="20" type="stmt"/>
        <line num="21" count="20" type="stmt"/>
        <line num="22" count="20" type="stmt"/>
        <line num="23" count="20" type="stmt"/>
        <line num="24" count="20" type="stmt"/>
        <line num="25" count="20" type="stmt"/>
        <line num="26" count="20" type="stmt"/>
        <line num="27" count="20" type="stmt"/>
        <line num="28" count="20" type="stmt"/>
        <line num="29" count="20" type="stmt"/>
        <line num="30" count="20" type="stmt"/>
        <line num="31" count="20" type="stmt"/>
        <line num="32" count="20" type="stmt"/>
        <line num="33" count="20" type="stmt"/>
        <line num="34" count="20" type="stmt"/>
        <line num="35" count="20" type="stmt"/>
        <line num="36" count="20" type="stmt"/>
        <line num="37" count="20" type="stmt"/>
        <line num="38" count="20" type="stmt"/>
        <line num="39" count="20" type="cond" truecount="1" falsecount="0"/>
        <line num="40" count="20" type="stmt"/>
        <line num="41" count="20" type="stmt"/>
        <line num="42" count="20" type="stmt"/>
        <line num="43" count="20" type="stmt"/>
        <line num="44" count="20" type="stmt"/>
        <line num="45" count="20" type="stmt"/>
        <line num="46" count="20" type="stmt"/>
        <line num="47" count="20" type="stmt"/>
        <line num="48" count="20" type="stmt"/>
        <line num="49" count="20" type="stmt"/>
        <line num="50" count="20" type="stmt"/>
        <line num="51" count="20" type="stmt"/>
        <line num="52" count="20" type="stmt"/>
        <line num="53" count="20" type="stmt"/>
        <line num="54" count="20" type="stmt"/>
        <line num="55" count="20" type="stmt"/>
        <line num="56" count="20" type="stmt"/>
        <line num="57" count="20" type="stmt"/>
        <line num="58" count="20" type="stmt"/>
        <line num="59" count="20" type="stmt"/>
        <line num="60" count="20" type="stmt"/>
        <line num="61" count="20" type="stmt"/>
        <line num="62" count="20" type="stmt"/>
        <line num="63" count="20" type="stmt"/>
        <line num="64" count="20" type="stmt"/>
        <line num="65" count="20" type="stmt"/>
        <line num="66" count="20" type="stmt"/>
        <line num="67" count="20" type="stmt"/>
        <line num="68" count="20" type="stmt"/>
        <line num="69" count="20" type="stmt"/>
        <line num="70" count="20" type="stmt"/>
        <line num="71" count="20" type="stmt"/>
        <line num="72" count="20" type="stmt"/>
        <line num="73" count="20" type="stmt"/>
        <line num="74" count="20" type="stmt"/>
        <line num="75" count="20" type="stmt"/>
        <line num="76" count="20" type="stmt"/>
        <line num="77" count="20" type="stmt"/>
        <line num="78" count="20" type="stmt"/>
        <line num="79" count="20" type="stmt"/>
        <line num="80" count="20" type="stmt"/>
        <line num="81" count="20" type="stmt"/>
        <line num="82" count="20" type="stmt"/>
        <line num="83" count="20" type="stmt"/>
        <line num="84" count="20" type="stmt"/>
        <line num="85" count="20" type="stmt"/>
        <line num="86" count="20" type="stmt"/>
        <line num="87" count="20" type="stmt"/>
        <line num="88" count="20" type="stmt"/>
        <line num="89" count="20" type="stmt"/>
        <line num="90" count="20" type="stmt"/>
        <line num="91" count="20" type="stmt"/>
        <line num="92" count="20" type="stmt"/>
        <line num="93" count="20" type="stmt"/>
        <line num="94" count="20" type="stmt"/>
        <line num="95" count="20" type="stmt"/>
        <line num="96" count="20" type="stmt"/>
        <line num="97" count="20" type="stmt"/>
        <line num="98" count="20" type="cond" truecount="1" falsecount="0"/>
        <line num="99" count="25" type="stmt"/>
        <line num="100" count="25" type="stmt"/>
        <line num="101" count="25" type="stmt"/>
        <line num="102" count="25" type="stmt"/>
        <line num="103" count="25" type="stmt"/>
        <line num="104" count="25" type="stmt"/>
        <line num="105" count="25" type="stmt"/>
        <line num="106" count="25" type="stmt"/>
        <line num="107" count="25" type="stmt"/>
        <line num="108" count="25" type="stmt"/>
        <line num="109" count="25" type="stmt"/>
        <line num="110" count="25" type="stmt"/>
        <line num="111" count="25" type="stmt"/>
        <line num="112" count="25" type="stmt"/>
        <line num="113" count="25" type="stmt"/>
        <line num="114" count="25" type="stmt"/>
        <line num="115" count="25" type="stmt"/>
        <line num="116" count="25" type="stmt"/>
        <line num="117" count="25" type="stmt"/>
        <line num="118" count="25" type="stmt"/>
        <line num="119" count="25" type="stmt"/>
        <line num="120" count="25" type="stmt"/>
        <line num="121" count="25" type="stmt"/>
        <line num="122" count="25" type="stmt"/>
        <line num="123" count="25" type="stmt"/>
        <line num="124" count="25" type="stmt"/>
        <line num="125" count="25" type="stmt"/>
        <line num="126" count="25" type="stmt"/>
        <line num="127" count="25" type="stmt"/>
        <line num="128" count="20" type="stmt"/>
        <line num="129" count="20" type="stmt"/>
        <line num="130" count="20" type="stmt"/>
        <line num="131" count="20" type="stmt"/>
        <line num="132" count="20" type="stmt"/>
        <line num="133" count="20" type="stmt"/>
        <line num="134" count="20" type="stmt"/>
        <line num="135" count="20" type="stmt"/>
        <line num="136" count="20" type="stmt"/>
        <line num="137" count="20" type="stmt"/>
        <line num="138" count="20" type="stmt"/>
        <line num="139" count="20" type="stmt"/>
        <line num="140" count="20" type="stmt"/>
        <line num="141" count="20" type="stmt"/>
        <line num="142" count="20" type="cond" truecount="1" falsecount="0"/>
        <line num="143" count="25" type="stmt"/>
        <line num="144" count="25" type="stmt"/>
        <line num="145" count="25" type="stmt"/>
        <line num="146" count="25" type="stmt"/>
        <line num="147" count="25" type="stmt"/>
        <line num="148" count="25" type="stmt"/>
        <line num="149" count="25" type="cond" truecount="1" falsecount="0"/>
        <line num="150" count="25" type="stmt"/>
        <line num="151" count="20" type="stmt"/>
        <line num="152" count="20" type="stmt"/>
        <line num="153" count="20" type="stmt"/>
        <line num="154" count="20" type="stmt"/>
        <line num="155" count="20" type="stmt"/>
        <line num="156" count="20" type="stmt"/>
        <line num="157" count="20" type="stmt"/>
        <line num="158" count="20" type="stmt"/>
        <line num="159" count="20" type="stmt"/>
        <line num="160" count="20" type="stmt"/>
        <line num="161" count="20" type="cond" truecount="1" falsecount="0"/>
        <line num="162" count="6" type="stmt"/>
        <line num="163" count="6" type="stmt"/>
        <line num="164" count="20" type="stmt"/>
        <line num="165" count="20" type="stmt"/>
        <line num="166" count="20" type="stmt"/>
        <line num="167" count="20" type="stmt"/>
        <line num="168" count="20" type="stmt"/>
        <line num="169" count="20" type="stmt"/>
        <line num="170" count="20" type="stmt"/>
        <line num="171" count="20" type="stmt"/>
        <line num="172" count="20" type="stmt"/>
        <line num="173" count="20" type="stmt"/>
        <line num="174" count="20" type="stmt"/>
        <line num="175" count="20" type="stmt"/>
        <line num="176" count="20" type="stmt"/>
        <line num="177" count="20" type="stmt"/>
        <line num="178" count="20" type="stmt"/>
        <line num="179" count="20" type="stmt"/>
        <line num="180" count="20" type="stmt"/>
        <line num="181" count="20" type="stmt"/>
        <line num="182" count="20" type="stmt"/>
        <line num="183" count="20" type="stmt"/>
        <line num="184" count="20" type="stmt"/>
        <line num="185" count="20" type="stmt"/>
        <line num="186" count="20" type="stmt"/>
        <line num="187" count="20" type="stmt"/>
        <line num="188" count="20" type="stmt"/>
        <line num="189" count="20" type="stmt"/>
        <line num="190" count="20" type="stmt"/>
        <line num="191" count="20" type="cond" truecount="1" falsecount="0"/>
        <line num="192" count="18" type="stmt"/>
        <line num="193" count="18" type="cond" truecount="1" falsecount="0"/>
        <line num="194" count="84" type="stmt"/>
        <line num="195" count="84" type="stmt"/>
        <line num="196" count="84" type="stmt"/>
        <line num="197" count="18" type="stmt"/>
        <line num="198" count="18" type="stmt"/>
        <line num="199" count="18" type="cond" truecount="2" falsecount="0"/>
        <line num="200" count="18" type="cond" truecount="2" falsecount="0"/>
        <line num="201" count="18" type="stmt"/>
        <line num="202" count="18" type="stmt"/>
        <line num="203" count="18" type="stmt"/>
        <line num="204" count="18" type="stmt"/>
        <line num="205" count="18" type="stmt"/>
        <line num="206" count="18" type="stmt"/>
        <line num="207" count="18" type="stmt"/>
        <line num="208" count="18" type="stmt"/>
        <line num="209" count="18" type="stmt"/>
        <line num="210" count="18" type="stmt"/>
        <line num="211" count="18" type="cond" truecount="1" falsecount="0"/>
        <line num="212" count="18" type="cond" truecount="2" falsecount="0"/>
        <line num="213" count="18" type="cond" truecount="1" falsecount="0"/>
        <line num="214" count="18" type="cond" truecount="0" falsecount="1"/>
        <line num="215" count="18" type="stmt"/>
        <line num="216" count="20" type="stmt"/>
        <line num="217" count="20" type="stmt"/>
        <line num="218" count="20" type="stmt"/>
        <line num="219" count="20" type="stmt"/>
        <line num="220" count="20" type="stmt"/>
        <line num="221" count="20" type="stmt"/>
        <line num="222" count="20" type="stmt"/>
        <line num="223" count="20" type="stmt"/>
        <line num="224" count="20" type="stmt"/>
        <line num="225" count="20" type="cond" truecount="1" falsecount="0"/>
        <line num="226" count="3" type="stmt"/>
        <line num="227" count="3" type="stmt"/>
        <line num="228" count="20" type="stmt"/>
        <line num="229" count="20" type="stmt"/>
        <line num="230" count="20" type="stmt"/>
        <line num="231" count="20" type="stmt"/>
        <line num="232" count="20" type="stmt"/>
        <line num="233" count="20" type="stmt"/>
        <line num="234" count="20" type="stmt"/>
        <line num="235" count="20" type="stmt"/>
        <line num="236" count="20" type="stmt"/>
        <line num="237" count="20" type="stmt"/>
        <line num="238" count="20" type="stmt"/>
        <line num="239" count="20" type="stmt"/>
        <line num="240" count="20" type="stmt"/>
        <line num="241" count="20" type="stmt"/>
        <line num="242" count="20" type="stmt"/>
        <line num="243" count="20" type="stmt"/>
        <line num="244" count="20" type="stmt"/>
        <line num="245" count="20" type="stmt"/>
        <line num="246" count="20" type="stmt"/>
        <line num="247" count="20" type="stmt"/>
        <line num="248" count="20" type="stmt"/>
        <line num="249" count="20" type="stmt"/>
        <line num="250" count="20" type="stmt"/>
        <line num="251" count="20" type="stmt"/>
        <line num="252" count="20" type="stmt"/>
        <line num="253" count="20" type="stmt"/>
        <line num="254" count="20" type="stmt"/>
        <line num="255" count="20" type="stmt"/>
        <line num="256" count="20" type="stmt"/>
        <line num="257" count="20" type="stmt"/>
        <line num="258" count="20" type="stmt"/>
        <line num="259" count="20" type="stmt"/>
        <line num="260" count="20" type="stmt"/>
        <line num="261" count="20" type="stmt"/>
        <line num="262" count="20" type="stmt"/>
        <line num="263" count="20" type="stmt"/>
        <line num="264" count="20" type="stmt"/>
        <line num="265" count="20" type="stmt"/>
        <line num="266" count="20" type="stmt"/>
        <line num="267" count="20" type="stmt"/>
        <line num="268" count="20" type="stmt"/>
        <line num="269" count="20" type="stmt"/>
        <line num="270" count="20" type="stmt"/>
        <line num="271" count="20" type="stmt"/>
        <line num="272" count="20" type="stmt"/>
        <line num="273" count="20" type="stmt"/>
        <line num="274" count="20" type="stmt"/>
        <line num="275" count="20" type="stmt"/>
        <line num="276" count="20" type="stmt"/>
        <line num="277" count="20" type="stmt"/>
        <line num="278" count="20" type="stmt"/>
        <line num="279" count="20" type="stmt"/>
        <line num="280" count="20" type="stmt"/>
        <line num="281" count="20" type="stmt"/>
        <line num="282" count="20" type="stmt"/>
        <line num="283" count="20" type="stmt"/>
        <line num="284" count="20" type="stmt"/>
        <line num="285" count="20" type="stmt"/>
        <line num="286" count="20" type="stmt"/>
        <line num="287" count="20" type="stmt"/>
        <line num="288" count="20" type="stmt"/>
        <line num="289" count="20" type="stmt"/>
        <line num="290" count="20" type="stmt"/>
        <line num="291" count="20" type="stmt"/>
        <line num="292" count="20" type="cond" truecount="1" falsecount="0"/>
        <line num="293" count="20" type="cond" truecount="0" falsecount="1"/>
        <line num="294" count="20" type="stmt"/>
        <line num="295" count="20" type="cond" truecount="0" falsecount="1"/>
        <line num="296" count="20" type="stmt"/>
        <line num="297" count="20" type="cond" truecount="1" falsecount="0"/>
        <line num="298" count="20" type="cond" truecount="1" falsecount="0"/>
        <line num="299" count="20" type="stmt"/>
        <line num="300" count="20" type="cond" truecount="1" falsecount="0"/>
        <line num="301" count="6" type="stmt"/>
        <line num="302" count="6" type="stmt"/>
        <line num="303" count="6" type="stmt"/>
        <line num="304" count="6" type="stmt"/>
        <line num="305" count="6" type="stmt"/>
        <line num="306" count="6" type="stmt"/>
        <line num="307" count="6" type="stmt"/>
        <line num="308" count="20" type="cond" truecount="1" falsecount="0"/>
        <line num="309" count="14" type="stmt"/>
        <line num="310" count="14" type="stmt"/>
        <line num="311" count="14" type="stmt"/>
        <line num="312" count="14" type="stmt"/>
        <line num="313" count="14" type="stmt"/>
        <line num="314" count="14" type="stmt"/>
        <line num="315" count="14" type="stmt"/>
        <line num="316" count="20" type="cond" truecount="0" falsecount="1"/>
        <line num="317" count="0" type="stmt"/>
        <line num="318" count="0" type="stmt"/>
        <line num="319" count="0" type="stmt"/>
        <line num="320" count="0" type="stmt"/>
        <line num="321" count="0" type="stmt"/>
        <line num="322" count="0" type="stmt"/>
        <line num="323" count="0" type="stmt"/>
        <line num="324" count="20" type="stmt"/>
        <line num="325" count="20" type="stmt"/>
        <line num="326" count="20" type="stmt"/>
        <line num="327" count="20" type="cond" truecount="0" falsecount="1"/>
        <line num="328" count="20" type="cond" truecount="1" falsecount="0"/>
        <line num="329" count="20" type="stmt"/>
        <line num="330" count="20" type="stmt"/>
        <line num="331" count="20" type="stmt"/>
        <line num="332" count="20" type="stmt"/>
        <line num="333" count="20" type="stmt"/>
      </file>
      <file name="train-case.js" path="/Users/jsanders/Development/cloud-technology/delta/packages/parameter/src/train-case.js">
        <metrics statements="44" coveredstatements="44" conditionals="9" coveredconditionals="8" methods="3" coveredmethods="3"/>
        <line num="1" count="20" type="cond" truecount="1" falsecount="0"/>
        <line num="2" count="20" type="stmt"/>
        <line num="3" count="20" type="stmt"/>
        <line num="4" count="20" type="stmt"/>
        <line num="5" count="20" type="stmt"/>
        <line num="6" count="20" type="stmt"/>
        <line num="7" count="20" type="stmt"/>
        <line num="8" count="20" type="stmt"/>
        <line num="9" count="3" type="cond" truecount="1" falsecount="0"/>
        <line num="10" count="3" type="cond" truecount="1" falsecount="0"/>
        <line num="11" count="3" type="stmt"/>
        <line num="12" count="3" type="cond" truecount="1" falsecount="0"/>
        <line num="13" count="3" type="stmt"/>
        <line num="14" count="3" type="cond" truecount="1" falsecount="0"/>
        <line num="15" count="14" type="stmt"/>
        <line num="16" count="3" type="stmt"/>
        <line num="17" count="3" type="stmt"/>
        <line num="18" count="20" type="stmt"/>
        <line num="19" count="20" type="stmt"/>
        <line num="20" count="20" type="stmt"/>
        <line num="21" count="20" type="stmt"/>
        <line num="22" count="20" type="stmt"/>
        <line num="23" count="20" type="stmt"/>
        <line num="24" count="20" type="stmt"/>
        <line num="25" count="20" type="stmt"/>
        <line num="26" count="20" type="stmt"/>
        <line num="27" count="20" type="stmt"/>
        <line num="28" count="20" type="stmt"/>
        <line num="29" count="20" type="stmt"/>
        <line num="30" count="20" type="cond" truecount="1" falsecount="0"/>
        <line num="31" count="18" type="stmt"/>
        <line num="32" count="18" type="stmt"/>
        <line num="33" count="18" type="stmt"/>
        <line num="34" count="18" type="cond" truecount="1" falsecount="1"/>
        <line num="35" count="18" type="stmt"/>
        <line num="36" count="18" type="stmt"/>
        <line num="37" count="18" type="stmt"/>
        <line num="38" count="20" type="stmt"/>
        <line num="39" count="20" type="stmt"/>
        <line num="40" count="20" type="stmt"/>
        <line num="41" count="20" type="stmt"/>
        <line num="42" count="20" type="cond" truecount="1" falsecount="0"/>
        <line num="43" count="20" type="stmt"/>
        <line num="44" count="20" type="stmt"/>
      </file>
    </package>
  </project>
</coverage>
