{"/Users/jsanders/Development/cloud-technology/delta/packages/parameter/index.js": {"path":"/Users/jsanders/Development/cloud-technology/delta/packages/parameter/index.js","all":false,"statementMap":{"0":{"start":{"line":1,"column":0},"end":{"line":1,"column":62}},"1":{"start":{"line":2,"column":0},"end":{"line":2,"column":39}},"2":{"start":{"line":3,"column":0},"end":{"line":3,"column":25}}},"s":{"0":20,"1":20,"2":20},"branchMap":{"0":{"type":"branch","line":1,"loc":{"start":{"line":1,"column":0},"end":{"line":3,"column":25}},"locations":[{"start":{"line":1,"column":0},"end":{"line":3,"column":25}}]}},"b":{"0":[20]},"fnMap":{},"f":{}}
,"/Users/jsanders/Development/cloud-technology/delta/packages/parameter/src/index.js": {"path":"/Users/jsanders/Development/cloud-technology/delta/packages/parameter/src/index.js","all":false,"statementMap":{"0":{"start":{"line":1,"column":0},"end":{"line":1,"column":62}},"1":{"start":{"line":2,"column":0},"end":{"line":2,"column":39}},"2":{"start":{"line":3,"column":0},"end":{"line":3,"column":47}}},"s":{"0":20,"1":20,"2":20},"branchMap":{"0":{"type":"branch","line":1,"loc":{"start":{"line":1,"column":0},"end":{"line":3,"column":47}},"locations":[{"start":{"line":1,"column":0},"end":{"line":3,"column":47}}]}},"b":{"0":[20]},"fnMap":{},"f":{}}
,"/Users/jsanders/Development/cloud-technology/delta/packages/parameter/src/parameter.js": {"path":"/Users/jsanders/Development/cloud-technology/delta/packages/parameter/src/parameter.js","all":false,"statementMap":{"0":{"start":{"line":1,"column":0},"end":{"line":1,"column":47}},"1":{"start":{"line":2,"column":0},"end":{"line":2,"column":4}},"2":{"start":{"line":3,"column":0},"end":{"line":3,"column":19}},"3":{"start":{"line":4,"column":0},"end":{"line":4,"column":6}},"4":{"start":{"line":5,"column":0},"end":{"line":5,"column":2}},"5":{"start":{"line":6,"column":0},"end":{"line":6,"column":10}},"6":{"start":{"line":7,"column":0},"end":{"line":7,"column":2}},"7":{"start":{"line":8,"column":0},"end":{"line":8,"column":48}},"8":{"start":{"line":9,"column":0},"end":{"line":9,"column":57}},"9":{"start":{"line":10,"column":0},"end":{"line":10,"column":46}},"10":{"start":{"line":11,"column":0},"end":{"line":11,"column":2}},"11":{"start":{"line":12,"column":0},"end":{"line":12,"column":3}},"12":{"start":{"line":13,"column":0},"end":{"line":13,"column":9}},"13":{"start":{"line":14,"column":0},"end":{"line":14,"column":18}},"14":{"start":{"line":15,"column":0},"end":{"line":15,"column":22}},"15":{"start":{"line":16,"column":0},"end":{"line":16,"column":36}},"16":{"start":{"line":17,"column":0},"end":{"line":17,"column":35}},"17":{"start":{"line":18,"column":0},"end":{"line":18,"column":43}},"18":{"start":{"line":19,"column":0},"end":{"line":19,"column":25}},"19":{"start":{"line":20,"column":0},"end":{"line":20,"column":32}},"20":{"start":{"line":21,"column":0},"end":{"line":21,"column":24}},"21":{"start":{"line":22,"column":0},"end":{"line":22,"column":4}},"22":{"start":{"line":23,"column":0},"end":{"line":23,"column":25}},"23":{"start":{"line":24,"column":0},"end":{"line":24,"column":6}},"24":{"start":{"line":25,"column":0},"end":{"line":25,"column":2}},"25":{"start":{"line":26,"column":0},"end":{"line":26,"column":70}},"26":{"start":{"line":27,"column":0},"end":{"line":27,"column":73}},"27":{"start":{"line":28,"column":0},"end":{"line":28,"column":37}},"28":{"start":{"line":29,"column":0},"end":{"line":29,"column":2}},"29":{"start":{"line":30,"column":0},"end":{"line":30,"column":75}},"30":{"start":{"line":31,"column":0},"end":{"line":31,"column":64}},"31":{"start":{"line":32,"column":0},"end":{"line":32,"column":2}},"32":{"start":{"line":33,"column":0},"end":{"line":33,"column":29}},"33":{"start":{"line":34,"column":0},"end":{"line":34,"column":32}},"34":{"start":{"line":35,"column":0},"end":{"line":35,"column":31}},"35":{"start":{"line":36,"column":0},"end":{"line":36,"column":2}},"36":{"start":{"line":37,"column":0},"end":{"line":37,"column":3}},"37":{"start":{"line":38,"column":0},"end":{"line":38,"column":15}},"38":{"start":{"line":39,"column":0},"end":{"line":39,"column":24}},"39":{"start":{"line":40,"column":0},"end":{"line":40,"column":8}},"40":{"start":{"line":41,"column":0},"end":{"line":41,"column":67}},"41":{"start":{"line":42,"column":0},"end":{"line":42,"column":73}},"42":{"start":{"line":43,"column":0},"end":{"line":43,"column":38}},"43":{"start":{"line":44,"column":0},"end":{"line":44,"column":20}},"44":{"start":{"line":45,"column":0},"end":{"line":45,"column":16}},"45":{"start":{"line":46,"column":0},"end":{"line":46,"column":46}},"46":{"start":{"line":47,"column":0},"end":{"line":47,"column":6}},"47":{"start":{"line":48,"column":0},"end":{"line":48,"column":30}},"48":{"start":{"line":49,"column":0},"end":{"line":49,"column":6}},"49":{"start":{"line":50,"column":0},"end":{"line":50,"column":7}},"50":{"start":{"line":51,"column":0},"end":{"line":51,"column":48}},"51":{"start":{"line":52,"column":0},"end":{"line":52,"column":8}},"52":{"start":{"line":53,"column":0},"end":{"line":53,"column":76}},"53":{"start":{"line":54,"column":0},"end":{"line":54,"column":57}},"54":{"start":{"line":55,"column":0},"end":{"line":55,"column":38}},"55":{"start":{"line":56,"column":0},"end":{"line":56,"column":20}},"56":{"start":{"line":57,"column":0},"end":{"line":57,"column":20}},"57":{"start":{"line":58,"column":0},"end":{"line":58,"column":16}},"58":{"start":{"line":59,"column":0},"end":{"line":59,"column":46}},"59":{"start":{"line":60,"column":0},"end":{"line":60,"column":6}},"60":{"start":{"line":61,"column":0},"end":{"line":61,"column":34}},"61":{"start":{"line":62,"column":0},"end":{"line":62,"column":6}},"62":{"start":{"line":63,"column":0},"end":{"line":63,"column":7}},"63":{"start":{"line":64,"column":0},"end":{"line":64,"column":56}},"64":{"start":{"line":65,"column":0},"end":{"line":65,"column":36}},"65":{"start":{"line":66,"column":0},"end":{"line":66,"column":4}},"66":{"start":{"line":67,"column":0},"end":{"line":67,"column":49}},"67":{"start":{"line":68,"column":0},"end":{"line":68,"column":2}},"68":{"start":{"line":69,"column":0},"end":{"line":69,"column":54}},"69":{"start":{"line":70,"column":0},"end":{"line":70,"column":36}},"70":{"start":{"line":71,"column":0},"end":{"line":71,"column":2}},"71":{"start":{"line":72,"column":0},"end":{"line":72,"column":56}},"72":{"start":{"line":73,"column":0},"end":{"line":73,"column":65}},"73":{"start":{"line":74,"column":0},"end":{"line":74,"column":61}},"74":{"start":{"line":75,"column":0},"end":{"line":75,"column":57}},"75":{"start":{"line":76,"column":0},"end":{"line":76,"column":34}},"76":{"start":{"line":77,"column":0},"end":{"line":77,"column":2}},"77":{"start":{"line":78,"column":0},"end":{"line":78,"column":11}},"78":{"start":{"line":79,"column":0},"end":{"line":79,"column":24}},"79":{"start":{"line":80,"column":0},"end":{"line":80,"column":31}},"80":{"start":{"line":81,"column":0},"end":{"line":81,"column":24}},"81":{"start":{"line":82,"column":0},"end":{"line":82,"column":26}},"82":{"start":{"line":83,"column":0},"end":{"line":83,"column":30}},"83":{"start":{"line":84,"column":0},"end":{"line":84,"column":2}},"84":{"start":{"line":85,"column":0},"end":{"line":85,"column":75}},"85":{"start":{"line":86,"column":0},"end":{"line":86,"column":77}},"86":{"start":{"line":87,"column":0},"end":{"line":87,"column":68}},"87":{"start":{"line":88,"column":0},"end":{"line":88,"column":31}},"88":{"start":{"line":89,"column":0},"end":{"line":89,"column":2}},"89":{"start":{"line":90,"column":0},"end":{"line":90,"column":3}},"90":{"start":{"line":91,"column":0},"end":{"line":91,"column":17}},"91":{"start":{"line":92,"column":0},"end":{"line":92,"column":8}},"92":{"start":{"line":93,"column":0},"end":{"line":93,"column":51}},"93":{"start":{"line":94,"column":0},"end":{"line":94,"column":6}},"94":{"start":{"line":95,"column":0},"end":{"line":95,"column":21}},"95":{"start":{"line":96,"column":0},"end":{"line":96,"column":6}},"96":{"start":{"line":97,"column":0},"end":{"line":97,"column":7}},"97":{"start":{"line":98,"column":0},"end":{"line":98,"column":17}},"98":{"start":{"line":99,"column":0},"end":{"line":99,"column":8}},"99":{"start":{"line":100,"column":0},"end":{"line":100,"column":49}},"100":{"start":{"line":101,"column":0},"end":{"line":101,"column":6}},"101":{"start":{"line":102,"column":0},"end":{"line":102,"column":21}},"102":{"start":{"line":103,"column":0},"end":{"line":103,"column":6}},"103":{"start":{"line":104,"column":0},"end":{"line":104,"column":7}},"104":{"start":{"line":105,"column":0},"end":{"line":105,"column":16}},"105":{"start":{"line":106,"column":0},"end":{"line":106,"column":8}},"106":{"start":{"line":107,"column":0},"end":{"line":107,"column":62}},"107":{"start":{"line":108,"column":0},"end":{"line":108,"column":6}},"108":{"start":{"line":109,"column":0},"end":{"line":109,"column":33}},"109":{"start":{"line":110,"column":0},"end":{"line":110,"column":6}},"110":{"start":{"line":111,"column":0},"end":{"line":111,"column":7}},"111":{"start":{"line":112,"column":0},"end":{"line":112,"column":16}},"112":{"start":{"line":113,"column":0},"end":{"line":113,"column":8}},"113":{"start":{"line":114,"column":0},"end":{"line":114,"column":77}},"114":{"start":{"line":115,"column":0},"end":{"line":115,"column":29}},"115":{"start":{"line":116,"column":0},"end":{"line":116,"column":22}},"116":{"start":{"line":117,"column":0},"end":{"line":117,"column":6}},"117":{"start":{"line":118,"column":0},"end":{"line":118,"column":21}},"118":{"start":{"line":119,"column":0},"end":{"line":119,"column":6}},"119":{"start":{"line":120,"column":0},"end":{"line":120,"column":7}},"120":{"start":{"line":121,"column":0},"end":{"line":121,"column":12}},"121":{"start":{"line":122,"column":0},"end":{"line":122,"column":8}},"122":{"start":{"line":123,"column":0},"end":{"line":123,"column":47}},"123":{"start":{"line":124,"column":0},"end":{"line":124,"column":6}},"124":{"start":{"line":125,"column":0},"end":{"line":125,"column":21}},"125":{"start":{"line":126,"column":0},"end":{"line":126,"column":6}},"126":{"start":{"line":127,"column":0},"end":{"line":127,"column":7}},"127":{"start":{"line":128,"column":0},"end":{"line":128,"column":15}},"128":{"start":{"line":129,"column":0},"end":{"line":129,"column":8}},"129":{"start":{"line":130,"column":0},"end":{"line":130,"column":6}},"130":{"start":{"line":131,"column":0},"end":{"line":131,"column":133}},"131":{"start":{"line":132,"column":0},"end":{"line":132,"column":133}},"132":{"start":{"line":133,"column":0},"end":{"line":133,"column":133}},"133":{"start":{"line":134,"column":0},"end":{"line":134,"column":133}},"134":{"start":{"line":135,"column":0},"end":{"line":135,"column":133}},"135":{"start":{"line":136,"column":0},"end":{"line":136,"column":133}},"136":{"start":{"line":137,"column":0},"end":{"line":137,"column":133}},"137":{"start":{"line":138,"column":0},"end":{"line":138,"column":6}},"138":{"start":{"line":139,"column":0},"end":{"line":139,"column":61}},"139":{"start":{"line":140,"column":0},"end":{"line":140,"column":6}},"140":{"start":{"line":141,"column":0},"end":{"line":141,"column":7}},"141":{"start":{"line":142,"column":0},"end":{"line":142,"column":26}},"142":{"start":{"line":143,"column":0},"end":{"line":143,"column":49}},"143":{"start":{"line":144,"column":0},"end":{"line":144,"column":47}},"144":{"start":{"line":145,"column":0},"end":{"line":145,"column":48}},"145":{"start":{"line":146,"column":0},"end":{"line":146,"column":39}},"146":{"start":{"line":147,"column":0},"end":{"line":147,"column":45}},"147":{"start":{"line":148,"column":0},"end":{"line":148,"column":34}},"148":{"start":{"line":149,"column":0},"end":{"line":149,"column":36}},"149":{"start":{"line":150,"column":0},"end":{"line":150,"column":5}},"150":{"start":{"line":151,"column":0},"end":{"line":151,"column":8}},"151":{"start":{"line":152,"column":0},"end":{"line":152,"column":55}},"152":{"start":{"line":153,"column":0},"end":{"line":153,"column":6}},"153":{"start":{"line":154,"column":0},"end":{"line":154,"column":14}},"154":{"start":{"line":155,"column":0},"end":{"line":155,"column":79}},"155":{"start":{"line":156,"column":0},"end":{"line":156,"column":19}},"156":{"start":{"line":157,"column":0},"end":{"line":157,"column":6}},"157":{"start":{"line":158,"column":0},"end":{"line":158,"column":25}},"158":{"start":{"line":159,"column":0},"end":{"line":159,"column":6}},"159":{"start":{"line":160,"column":0},"end":{"line":160,"column":7}},"160":{"start":{"line":161,"column":0},"end":{"line":161,"column":14}},"161":{"start":{"line":162,"column":0},"end":{"line":162,"column":20}},"162":{"start":{"line":163,"column":0},"end":{"line":163,"column":5}},"163":{"start":{"line":164,"column":0},"end":{"line":164,"column":8}},"164":{"start":{"line":165,"column":0},"end":{"line":165,"column":81}},"165":{"start":{"line":166,"column":0},"end":{"line":166,"column":87}},"166":{"start":{"line":167,"column":0},"end":{"line":167,"column":25}},"167":{"start":{"line":168,"column":0},"end":{"line":168,"column":6}},"168":{"start":{"line":169,"column":0},"end":{"line":169,"column":75}},"169":{"start":{"line":170,"column":0},"end":{"line":170,"column":6}},"170":{"start":{"line":171,"column":0},"end":{"line":171,"column":20}},"171":{"start":{"line":172,"column":0},"end":{"line":172,"column":31}},"172":{"start":{"line":173,"column":0},"end":{"line":173,"column":21}},"173":{"start":{"line":174,"column":0},"end":{"line":174,"column":6}},"174":{"start":{"line":175,"column":0},"end":{"line":175,"column":34}},"175":{"start":{"line":176,"column":0},"end":{"line":176,"column":6}},"176":{"start":{"line":177,"column":0},"end":{"line":177,"column":104}},"177":{"start":{"line":178,"column":0},"end":{"line":178,"column":109}},"178":{"start":{"line":179,"column":0},"end":{"line":179,"column":107}},"179":{"start":{"line":180,"column":0},"end":{"line":180,"column":102}},"180":{"start":{"line":181,"column":0},"end":{"line":181,"column":6}},"181":{"start":{"line":182,"column":0},"end":{"line":182,"column":19}},"182":{"start":{"line":183,"column":0},"end":{"line":183,"column":6}},"183":{"start":{"line":184,"column":0},"end":{"line":184,"column":72}},"184":{"start":{"line":185,"column":0},"end":{"line":185,"column":6}},"185":{"start":{"line":186,"column":0},"end":{"line":186,"column":39}},"186":{"start":{"line":187,"column":0},"end":{"line":187,"column":6}},"187":{"start":{"line":188,"column":0},"end":{"line":188,"column":23}},"188":{"start":{"line":189,"column":0},"end":{"line":189,"column":6}},"189":{"start":{"line":190,"column":0},"end":{"line":190,"column":7}},"190":{"start":{"line":191,"column":0},"end":{"line":191,"column":43}},"191":{"start":{"line":192,"column":0},"end":{"line":192,"column":24}},"192":{"start":{"line":193,"column":0},"end":{"line":193,"column":42}},"193":{"start":{"line":194,"column":0},"end":{"line":194,"column":47}},"194":{"start":{"line":195,"column":0},"end":{"line":195,"column":36}},"195":{"start":{"line":196,"column":0},"end":{"line":196,"column":33}},"196":{"start":{"line":197,"column":0},"end":{"line":197,"column":11}},"197":{"start":{"line":198,"column":0},"end":{"line":198,"column":57}},"198":{"start":{"line":199,"column":0},"end":{"line":199,"column":53}},"199":{"start":{"line":200,"column":0},"end":{"line":200,"column":25}},"200":{"start":{"line":201,"column":0},"end":{"line":201,"column":12}},"201":{"start":{"line":202,"column":0},"end":{"line":202,"column":74}},"202":{"start":{"line":203,"column":0},"end":{"line":203,"column":37}},"203":{"start":{"line":204,"column":0},"end":{"line":204,"column":44}},"204":{"start":{"line":205,"column":0},"end":{"line":205,"column":32}},"205":{"start":{"line":206,"column":0},"end":{"line":206,"column":10}},"206":{"start":{"line":207,"column":0},"end":{"line":207,"column":25}},"207":{"start":{"line":208,"column":0},"end":{"line":208,"column":11}},"208":{"start":{"line":209,"column":0},"end":{"line":209,"column":56}},"209":{"start":{"line":210,"column":0},"end":{"line":210,"column":82}},"210":{"start":{"line":211,"column":0},"end":{"line":211,"column":65}},"211":{"start":{"line":212,"column":0},"end":{"line":212,"column":44}},"212":{"start":{"line":213,"column":0},"end":{"line":213,"column":27}},"213":{"start":{"line":214,"column":0},"end":{"line":214,"column":41}},"214":{"start":{"line":215,"column":0},"end":{"line":215,"column":5}},"215":{"start":{"line":216,"column":0},"end":{"line":216,"column":8}},"216":{"start":{"line":217,"column":0},"end":{"line":217,"column":29}},"217":{"start":{"line":218,"column":0},"end":{"line":218,"column":10}},"218":{"start":{"line":219,"column":0},"end":{"line":219,"column":6}},"219":{"start":{"line":220,"column":0},"end":{"line":220,"column":15}},"220":{"start":{"line":221,"column":0},"end":{"line":221,"column":6}},"221":{"start":{"line":222,"column":0},"end":{"line":222,"column":28}},"222":{"start":{"line":223,"column":0},"end":{"line":223,"column":6}},"223":{"start":{"line":224,"column":0},"end":{"line":224,"column":7}},"224":{"start":{"line":225,"column":0},"end":{"line":225,"column":20}},"225":{"start":{"line":226,"column":0},"end":{"line":226,"column":61}},"226":{"start":{"line":227,"column":0},"end":{"line":227,"column":5}},"227":{"start":{"line":228,"column":0},"end":{"line":228,"column":8}},"228":{"start":{"line":229,"column":0},"end":{"line":229,"column":38}},"229":{"start":{"line":230,"column":0},"end":{"line":230,"column":10}},"230":{"start":{"line":231,"column":0},"end":{"line":231,"column":6}},"231":{"start":{"line":232,"column":0},"end":{"line":232,"column":82}},"232":{"start":{"line":233,"column":0},"end":{"line":233,"column":64}},"233":{"start":{"line":234,"column":0},"end":{"line":234,"column":6}},"234":{"start":{"line":235,"column":0},"end":{"line":235,"column":95}},"235":{"start":{"line":236,"column":0},"end":{"line":236,"column":45}},"236":{"start":{"line":237,"column":0},"end":{"line":237,"column":6}},"237":{"start":{"line":238,"column":0},"end":{"line":238,"column":130}},"238":{"start":{"line":239,"column":0},"end":{"line":239,"column":131}},"239":{"start":{"line":240,"column":0},"end":{"line":240,"column":126}},"240":{"start":{"line":241,"column":0},"end":{"line":241,"column":102}},"241":{"start":{"line":242,"column":0},"end":{"line":242,"column":6}},"242":{"start":{"line":243,"column":0},"end":{"line":243,"column":115}},"243":{"start":{"line":244,"column":0},"end":{"line":244,"column":124}},"244":{"start":{"line":245,"column":0},"end":{"line":245,"column":128}},"245":{"start":{"line":246,"column":0},"end":{"line":246,"column":79}},"246":{"start":{"line":247,"column":0},"end":{"line":247,"column":6}},"247":{"start":{"line":248,"column":0},"end":{"line":248,"column":137}},"248":{"start":{"line":249,"column":0},"end":{"line":249,"column":105}},"249":{"start":{"line":250,"column":0},"end":{"line":250,"column":6}},"250":{"start":{"line":251,"column":0},"end":{"line":251,"column":15}},"251":{"start":{"line":252,"column":0},"end":{"line":252,"column":39}},"252":{"start":{"line":253,"column":0},"end":{"line":253,"column":106}},"253":{"start":{"line":254,"column":0},"end":{"line":254,"column":6}},"254":{"start":{"line":255,"column":0},"end":{"line":255,"column":43}},"255":{"start":{"line":256,"column":0},"end":{"line":256,"column":42}},"256":{"start":{"line":257,"column":0},"end":{"line":257,"column":10}},"257":{"start":{"line":258,"column":0},"end":{"line":258,"column":6}},"258":{"start":{"line":259,"column":0},"end":{"line":259,"column":30}},"259":{"start":{"line":260,"column":0},"end":{"line":260,"column":6}},"260":{"start":{"line":261,"column":0},"end":{"line":261,"column":36}},"261":{"start":{"line":262,"column":0},"end":{"line":262,"column":47}},"262":{"start":{"line":263,"column":0},"end":{"line":263,"column":45}},"263":{"start":{"line":264,"column":0},"end":{"line":264,"column":45}},"264":{"start":{"line":265,"column":0},"end":{"line":265,"column":37}},"265":{"start":{"line":266,"column":0},"end":{"line":266,"column":42}},"266":{"start":{"line":267,"column":0},"end":{"line":267,"column":15}},"267":{"start":{"line":268,"column":0},"end":{"line":268,"column":6}},"268":{"start":{"line":269,"column":0},"end":{"line":269,"column":15}},"269":{"start":{"line":270,"column":0},"end":{"line":270,"column":51}},"270":{"start":{"line":271,"column":0},"end":{"line":271,"column":94}},"271":{"start":{"line":272,"column":0},"end":{"line":272,"column":6}},"272":{"start":{"line":273,"column":0},"end":{"line":273,"column":43}},"273":{"start":{"line":274,"column":0},"end":{"line":274,"column":42}},"274":{"start":{"line":275,"column":0},"end":{"line":275,"column":10}},"275":{"start":{"line":276,"column":0},"end":{"line":276,"column":6}},"276":{"start":{"line":277,"column":0},"end":{"line":277,"column":30}},"277":{"start":{"line":278,"column":0},"end":{"line":278,"column":6}},"278":{"start":{"line":279,"column":0},"end":{"line":279,"column":36}},"279":{"start":{"line":280,"column":0},"end":{"line":280,"column":47}},"280":{"start":{"line":281,"column":0},"end":{"line":281,"column":45}},"281":{"start":{"line":282,"column":0},"end":{"line":282,"column":37}},"282":{"start":{"line":283,"column":0},"end":{"line":283,"column":42}},"283":{"start":{"line":284,"column":0},"end":{"line":284,"column":15}},"284":{"start":{"line":285,"column":0},"end":{"line":285,"column":6}},"285":{"start":{"line":286,"column":0},"end":{"line":286,"column":28}},"286":{"start":{"line":287,"column":0},"end":{"line":287,"column":29}},"287":{"start":{"line":288,"column":0},"end":{"line":288,"column":6}},"288":{"start":{"line":289,"column":0},"end":{"line":289,"column":26}},"289":{"start":{"line":290,"column":0},"end":{"line":290,"column":6}},"290":{"start":{"line":291,"column":0},"end":{"line":291,"column":7}},"291":{"start":{"line":292,"column":0},"end":{"line":292,"column":45}},"292":{"start":{"line":293,"column":0},"end":{"line":293,"column":53}},"293":{"start":{"line":294,"column":0},"end":{"line":294,"column":19}},"294":{"start":{"line":295,"column":0},"end":{"line":295,"column":35}},"295":{"start":{"line":296,"column":0},"end":{"line":296,"column":39}},"296":{"start":{"line":297,"column":0},"end":{"line":297,"column":71}},"297":{"start":{"line":298,"column":0},"end":{"line":298,"column":34}},"298":{"start":{"line":299,"column":0},"end":{"line":299,"column":35}},"299":{"start":{"line":300,"column":0},"end":{"line":300,"column":37}},"300":{"start":{"line":301,"column":0},"end":{"line":301,"column":47}},"301":{"start":{"line":302,"column":0},"end":{"line":302,"column":42}},"302":{"start":{"line":303,"column":0},"end":{"line":303,"column":47}},"303":{"start":{"line":304,"column":0},"end":{"line":304,"column":46}},"304":{"start":{"line":305,"column":0},"end":{"line":305,"column":42}},"305":{"start":{"line":306,"column":0},"end":{"line":306,"column":44}},"306":{"start":{"line":307,"column":0},"end":{"line":307,"column":23}},"307":{"start":{"line":308,"column":0},"end":{"line":308,"column":41}},"308":{"start":{"line":309,"column":0},"end":{"line":309,"column":42}},"309":{"start":{"line":310,"column":0},"end":{"line":310,"column":47}},"310":{"start":{"line":311,"column":0},"end":{"line":311,"column":46}},"311":{"start":{"line":312,"column":0},"end":{"line":312,"column":46}},"312":{"start":{"line":313,"column":0},"end":{"line":313,"column":42}},"313":{"start":{"line":314,"column":0},"end":{"line":314,"column":44}},"314":{"start":{"line":315,"column":0},"end":{"line":315,"column":23}},"315":{"start":{"line":316,"column":0},"end":{"line":316,"column":24}},"316":{"start":{"line":317,"column":0},"end":{"line":317,"column":71}},"317":{"start":{"line":318,"column":0},"end":{"line":318,"column":59}},"318":{"start":{"line":319,"column":0},"end":{"line":319,"column":37}},"319":{"start":{"line":320,"column":0},"end":{"line":320,"column":87}},"320":{"start":{"line":321,"column":0},"end":{"line":321,"column":111}},"321":{"start":{"line":322,"column":0},"end":{"line":322,"column":127}},"322":{"start":{"line":323,"column":0},"end":{"line":323,"column":28}},"323":{"start":{"line":324,"column":0},"end":{"line":324,"column":13}},"324":{"start":{"line":325,"column":0},"end":{"line":325,"column":10}},"325":{"start":{"line":326,"column":0},"end":{"line":326,"column":40}},"326":{"start":{"line":327,"column":0},"end":{"line":327,"column":52}},"327":{"start":{"line":328,"column":0},"end":{"line":328,"column":83}},"328":{"start":{"line":329,"column":0},"end":{"line":329,"column":26}},"329":{"start":{"line":330,"column":0},"end":{"line":330,"column":5}},"330":{"start":{"line":331,"column":0},"end":{"line":331,"column":1}},"331":{"start":{"line":332,"column":0},"end":{"line":332,"column":39}},"332":{"start":{"line":333,"column":0},"end":{"line":333,"column":29}}},"s":{"0":20,"1":20,"2":20,"3":20,"4":20,"5":20,"6":20,"7":20,"8":20,"9":20,"10":20,"11":20,"12":20,"13":20,"14":20,"15":20,"16":20,"17":20,"18":20,"19":20,"20":20,"21":20,"22":20,"23":20,"24":20,"25":20,"26":20,"27":20,"28":20,"29":20,"30":20,"31":20,"32":20,"33":20,"34":20,"35":20,"36":20,"37":20,"38":20,"39":20,"40":20,"41":20,"42":20,"43":20,"44":20,"45":20,"46":20,"47":20,"48":20,"49":20,"50":20,"51":20,"52":20,"53":20,"54":20,"55":20,"56":20,"57":20,"58":20,"59":20,"60":20,"61":20,"62":20,"63":20,"64":20,"65":20,"66":20,"67":20,"68":20,"69":20,"70":20,"71":20,"72":20,"73":20,"74":20,"75":20,"76":20,"77":20,"78":20,"79":20,"80":20,"81":20,"82":20,"83":20,"84":20,"85":20,"86":20,"87":20,"88":20,"89":20,"90":20,"91":20,"92":20,"93":20,"94":20,"95":20,"96":20,"97":20,"98":25,"99":25,"100":25,"101":25,"102":25,"103":25,"104":25,"105":25,"106":25,"107":25,"108":25,"109":25,"110":25,"111":25,"112":25,"113":25,"114":25,"115":25,"116":25,"117":25,"118":25,"119":25,"120":25,"121":25,"122":25,"123":25,"124":25,"125":25,"126":25,"127":20,"128":20,"129":20,"130":20,"131":20,"132":20,"133":20,"134":20,"135":20,"136":20,"137":20,"138":20,"139":20,"140":20,"141":20,"142":25,"143":25,"144":25,"145":25,"146":25,"147":25,"148":25,"149":25,"150":20,"151":20,"152":20,"153":20,"154":20,"155":20,"156":20,"157":20,"158":20,"159":20,"160":20,"161":6,"162":6,"163":20,"164":20,"165":20,"166":20,"167":20,"168":20,"169":20,"170":20,"171":20,"172":20,"173":20,"174":20,"175":20,"176":20,"177":20,"178":20,"179":20,"180":20,"181":20,"182":20,"183":20,"184":20,"185":20,"186":20,"187":20,"188":20,"189":20,"190":20,"191":18,"192":18,"193":84,"194":84,"195":84,"196":18,"197":18,"198":18,"199":18,"200":18,"201":18,"202":18,"203":18,"204":18,"205":18,"206":18,"207":18,"208":18,"209":18,"210":18,"211":18,"212":18,"213":18,"214":18,"215":20,"216":20,"217":20,"218":20,"219":20,"220":20,"221":20,"222":20,"223":20,"224":20,"225":3,"226":3,"227":20,"228":20,"229":20,"230":20,"231":20,"232":20,"233":20,"234":20,"235":20,"236":20,"237":20,"238":20,"239":20,"240":20,"241":20,"242":20,"243":20,"244":20,"245":20,"246":20,"247":20,"248":20,"249":20,"250":20,"251":20,"252":20,"253":20,"254":20,"255":20,"256":20,"257":20,"258":20,"259":20,"260":20,"261":20,"262":20,"263":20,"264":20,"265":20,"266":20,"267":20,"268":20,"269":20,"270":20,"271":20,"272":20,"273":20,"274":20,"275":20,"276":20,"277":20,"278":20,"279":20,"280":20,"281":20,"282":20,"283":20,"284":20,"285":20,"286":20,"287":20,"288":20,"289":20,"290":20,"291":20,"292":20,"293":20,"294":20,"295":20,"296":20,"297":20,"298":20,"299":20,"300":6,"301":6,"302":6,"303":6,"304":6,"305":6,"306":6,"307":20,"308":14,"309":14,"310":14,"311":14,"312":14,"313":14,"314":14,"315":20,"316":0,"317":0,"318":0,"319":0,"320":0,"321":0,"322":0,"323":20,"324":20,"325":20,"326":20,"327":20,"328":20,"329":20,"330":20,"331":20,"332":20},"branchMap":{"0":{"type":"branch","line":1,"loc":{"start":{"line":1,"column":0},"end":{"line":333,"column":29}},"locations":[{"start":{"line":1,"column":0},"end":{"line":333,"column":29}}]},"1":{"type":"branch","line":14,"loc":{"start":{"line":14,"column":1},"end":{"line":21,"column":1}},"locations":[{"start":{"line":14,"column":1},"end":{"line":21,"column":1}}]},"2":{"type":"branch","line":39,"loc":{"start":{"line":39,"column":1},"end":{"line":65,"column":1}},"locations":[{"start":{"line":39,"column":1},"end":{"line":65,"column":1}}]},"3":{"type":"branch","line":98,"loc":{"start":{"line":98,"column":4},"end":{"line":128,"column":14}},"locations":[{"start":{"line":98,"column":4},"end":{"line":128,"column":14}}]},"4":{"type":"branch","line":142,"loc":{"start":{"line":142,"column":4},"end":{"line":150,"column":5}},"locations":[{"start":{"line":142,"column":4},"end":{"line":150,"column":5}}]},"5":{"type":"branch","line":149,"loc":{"start":{"line":149,"column":12},"end":{"line":149,"column":36}},"locations":[{"start":{"line":149,"column":12},"end":{"line":149,"column":36}}]},"6":{"type":"branch","line":161,"loc":{"start":{"line":161,"column":4},"end":{"line":163,"column":5}},"locations":[{"start":{"line":161,"column":4},"end":{"line":163,"column":5}}]},"7":{"type":"branch","line":191,"loc":{"start":{"line":191,"column":4},"end":{"line":215,"column":5}},"locations":[{"start":{"line":191,"column":4},"end":{"line":215,"column":5}}]},"8":{"type":"branch","line":199,"loc":{"start":{"line":199,"column":12},"end":{"line":199,"column":17}},"locations":[{"start":{"line":199,"column":12},"end":{"line":199,"column":17}}]},"9":{"type":"branch","line":199,"loc":{"start":{"line":199,"column":18},"end":{"line":200,"column":23}},"locations":[{"start":{"line":199,"column":18},"end":{"line":200,"column":23}}]},"10":{"type":"branch","line":200,"loc":{"start":{"line":200,"column":12},"end":{"line":200,"column":17}},"locations":[{"start":{"line":200,"column":12},"end":{"line":200,"column":17}}]},"11":{"type":"branch","line":200,"loc":{"start":{"line":200,"column":18},"end":{"line":200,"column":23}},"locations":[{"start":{"line":200,"column":18},"end":{"line":200,"column":23}}]},"12":{"type":"branch","line":211,"loc":{"start":{"line":211,"column":52},"end":{"line":211,"column":65}},"locations":[{"start":{"line":211,"column":52},"end":{"line":211,"column":65}}]},"13":{"type":"branch","line":212,"loc":{"start":{"line":212,"column":12},"end":{"line":213,"column":26}},"locations":[{"start":{"line":212,"column":12},"end":{"line":213,"column":26}}]},"14":{"type":"branch","line":212,"loc":{"start":{"line":212,"column":38},"end":{"line":212,"column":44}},"locations":[{"start":{"line":212,"column":38},"end":{"line":212,"column":44}}]},"15":{"type":"branch","line":213,"loc":{"start":{"line":213,"column":16},"end":{"line":213,"column":26}},"locations":[{"start":{"line":213,"column":16},"end":{"line":213,"column":26}}]},"16":{"type":"branch","line":214,"loc":{"start":{"line":214,"column":24},"end":{"line":214,"column":36}},"locations":[{"start":{"line":214,"column":24},"end":{"line":214,"column":36}}]},"17":{"type":"branch","line":193,"loc":{"start":{"line":193,"column":34},"end":{"line":197,"column":9}},"locations":[{"start":{"line":193,"column":34},"end":{"line":197,"column":9}}]},"18":{"type":"branch","line":225,"loc":{"start":{"line":225,"column":4},"end":{"line":227,"column":5}},"locations":[{"start":{"line":225,"column":4},"end":{"line":227,"column":5}}]},"19":{"type":"branch","line":292,"loc":{"start":{"line":292,"column":11},"end":{"line":330,"column":5}},"locations":[{"start":{"line":292,"column":11},"end":{"line":330,"column":5}}]},"20":{"type":"branch","line":293,"loc":{"start":{"line":293,"column":42},"end":{"line":293,"column":47}},"locations":[{"start":{"line":293,"column":42},"end":{"line":293,"column":47}}]},"21":{"type":"branch","line":295,"loc":{"start":{"line":295,"column":12},"end":{"line":295,"column":35}},"locations":[{"start":{"line":295,"column":12},"end":{"line":295,"column":35}}]},"22":{"type":"branch","line":297,"loc":{"start":{"line":297,"column":16},"end":{"line":297,"column":70}},"locations":[{"start":{"line":297,"column":16},"end":{"line":297,"column":70}}]},"23":{"type":"branch","line":327,"loc":{"start":{"line":327,"column":43},"end":{"line":327,"column":51}},"locations":[{"start":{"line":327,"column":43},"end":{"line":327,"column":51}}]},"24":{"type":"branch","line":328,"loc":{"start":{"line":328,"column":16},"end":{"line":328,"column":82}},"locations":[{"start":{"line":328,"column":16},"end":{"line":328,"column":82}}]},"25":{"type":"branch","line":298,"loc":{"start":{"line":298,"column":27},"end":{"line":325,"column":9}},"locations":[{"start":{"line":298,"column":27},"end":{"line":325,"column":9}}]},"26":{"type":"branch","line":300,"loc":{"start":{"line":300,"column":16},"end":{"line":307,"column":23}},"locations":[{"start":{"line":300,"column":16},"end":{"line":307,"column":23}}]},"27":{"type":"branch","line":308,"loc":{"start":{"line":308,"column":16},"end":{"line":315,"column":23}},"locations":[{"start":{"line":308,"column":16},"end":{"line":315,"column":23}}]},"28":{"type":"branch","line":316,"loc":{"start":{"line":316,"column":16},"end":{"line":323,"column":28}},"locations":[{"start":{"line":316,"column":16},"end":{"line":323,"column":28}}]}},"b":{"0":[20],"1":[20],"2":[20],"3":[25],"4":[25],"5":[7],"6":[6],"7":[18],"8":[12],"9":[6],"10":[3],"11":[3],"12":[3],"13":[15],"14":[3],"15":[12],"16":[0],"17":[84],"18":[3],"19":[20],"20":[0],"21":[0],"22":[13],"23":[0],"24":[13],"25":[20],"26":[6],"27":[14],"28":[0]},"fnMap":{"0":{"name":"<instance_members_initializer>","decl":{"start":{"line":98,"column":4},"end":{"line":128,"column":14}},"loc":{"start":{"line":98,"column":4},"end":{"line":128,"column":14}},"line":98},"1":{"name":"Parameter","decl":{"start":{"line":142,"column":4},"end":{"line":150,"column":5}},"loc":{"start":{"line":142,"column":4},"end":{"line":150,"column":5}},"line":142},"2":{"name":"format","decl":{"start":{"line":161,"column":4},"end":{"line":163,"column":5}},"loc":{"start":{"line":161,"column":4},"end":{"line":163,"column":5}},"line":161},"3":{"name":"string","decl":{"start":{"line":191,"column":4},"end":{"line":215,"column":5}},"loc":{"start":{"line":191,"column":4},"end":{"line":215,"column":5}},"line":191},"4":{"name":"enumerations","decl":{"start":{"line":225,"column":4},"end":{"line":227,"column":5}},"loc":{"start":{"line":225,"column":4},"end":{"line":227,"column":5}},"line":225},"5":{"name":"initialize","decl":{"start":{"line":292,"column":11},"end":{"line":330,"column":5}},"loc":{"start":{"line":292,"column":11},"end":{"line":330,"column":5}},"line":292},"6":{"name":"enumerable","decl":{"start":{"line":298,"column":27},"end":{"line":325,"column":9}},"loc":{"start":{"line":298,"column":27},"end":{"line":325,"column":9}},"line":298}},"f":{"0":25,"1":25,"2":6,"3":18,"4":3,"5":20,"6":20}}
,"/Users/jsanders/Development/cloud-technology/delta/packages/parameter/src/train-case.js": {"path":"/Users/jsanders/Development/cloud-technology/delta/packages/parameter/src/train-case.js","all":false,"statementMap":{"0":{"start":{"line":1,"column":0},"end":{"line":1,"column":5}},"1":{"start":{"line":2,"column":0},"end":{"line":2,"column":95}},"2":{"start":{"line":3,"column":0},"end":{"line":3,"column":2}},"3":{"start":{"line":4,"column":0},"end":{"line":4,"column":24}},"4":{"start":{"line":5,"column":0},"end":{"line":5,"column":2}},"5":{"start":{"line":6,"column":0},"end":{"line":6,"column":20}},"6":{"start":{"line":7,"column":0},"end":{"line":7,"column":2}},"7":{"start":{"line":8,"column":0},"end":{"line":8,"column":3}},"8":{"start":{"line":9,"column":0},"end":{"line":9,"column":24}},"9":{"start":{"line":10,"column":0},"end":{"line":10,"column":40}},"10":{"start":{"line":11,"column":0},"end":{"line":11,"column":69}},"11":{"start":{"line":12,"column":0},"end":{"line":12,"column":40}},"12":{"start":{"line":13,"column":0},"end":{"line":13,"column":69}},"13":{"start":{"line":14,"column":0},"end":{"line":14,"column":40}},"14":{"start":{"line":15,"column":0},"end":{"line":15,"column":69}},"15":{"start":{"line":16,"column":0},"end":{"line":16,"column":17}},"16":{"start":{"line":17,"column":0},"end":{"line":17,"column":1}},"17":{"start":{"line":18,"column":0},"end":{"line":18,"column":4}},"18":{"start":{"line":19,"column":0},"end":{"line":19,"column":21}},"19":{"start":{"line":20,"column":0},"end":{"line":20,"column":6}},"20":{"start":{"line":21,"column":0},"end":{"line":21,"column":2}},"21":{"start":{"line":22,"column":0},"end":{"line":22,"column":68}},"22":{"start":{"line":23,"column":0},"end":{"line":23,"column":2}},"23":{"start":{"line":24,"column":0},"end":{"line":24,"column":24}},"24":{"start":{"line":25,"column":0},"end":{"line":25,"column":26}},"25":{"start":{"line":26,"column":0},"end":{"line":26,"column":2}},"26":{"start":{"line":27,"column":0},"end":{"line":27,"column":15}},"27":{"start":{"line":28,"column":0},"end":{"line":28,"column":2}},"28":{"start":{"line":29,"column":0},"end":{"line":29,"column":3}},"29":{"start":{"line":30,"column":0},"end":{"line":30,"column":55}},"30":{"start":{"line":31,"column":0},"end":{"line":31,"column":23}},"31":{"start":{"line":32,"column":0},"end":{"line":32,"column":27}},"32":{"start":{"line":33,"column":0},"end":{"line":33,"column":44}},"33":{"start":{"line":34,"column":0},"end":{"line":34,"column":57}},"34":{"start":{"line":35,"column":0},"end":{"line":35,"column":32}},"35":{"start":{"line":36,"column":0},"end":{"line":36,"column":72}},"36":{"start":{"line":37,"column":0},"end":{"line":37,"column":23}},"37":{"start":{"line":38,"column":0},"end":{"line":38,"column":2}},"38":{"start":{"line":39,"column":0},"end":{"line":39,"column":42}},"39":{"start":{"line":40,"column":0},"end":{"line":40,"column":23}},"40":{"start":{"line":41,"column":0},"end":{"line":41,"column":50}},"41":{"start":{"line":42,"column":0},"end":{"line":42,"column":39}},"42":{"start":{"line":43,"column":0},"end":{"line":43,"column":34}},"43":{"start":{"line":44,"column":0},"end":{"line":44,"column":20}}},"s":{"0":20,"1":20,"2":20,"3":20,"4":20,"5":20,"6":20,"7":20,"8":3,"9":3,"10":3,"11":3,"12":3,"13":3,"14":14,"15":3,"16":3,"17":20,"18":20,"19":20,"20":20,"21":20,"22":20,"23":20,"24":20,"25":20,"26":20,"27":20,"28":20,"29":20,"30":18,"31":18,"32":18,"33":18,"34":18,"35":18,"36":18,"37":20,"38":20,"39":20,"40":20,"41":20,"42":20,"43":20},"branchMap":{"0":{"type":"branch","line":1,"loc":{"start":{"line":1,"column":0},"end":{"line":44,"column":20}},"locations":[{"start":{"line":1,"column":0},"end":{"line":44,"column":20}}]},"1":{"type":"branch","line":9,"loc":{"start":{"line":9,"column":0},"end":{"line":17,"column":1}},"locations":[{"start":{"line":9,"column":0},"end":{"line":17,"column":1}}]},"2":{"type":"branch","line":10,"loc":{"start":{"line":10,"column":32},"end":{"line":12,"column":5}},"locations":[{"start":{"line":10,"column":32},"end":{"line":12,"column":5}}]},"3":{"type":"branch","line":12,"loc":{"start":{"line":12,"column":32},"end":{"line":14,"column":5}},"locations":[{"start":{"line":12,"column":32},"end":{"line":14,"column":5}}]},"4":{"type":"branch","line":14,"loc":{"start":{"line":14,"column":32},"end":{"line":16,"column":5}},"locations":[{"start":{"line":14,"column":32},"end":{"line":16,"column":5}}]},"5":{"type":"branch","line":30,"loc":{"start":{"line":30,"column":13},"end":{"line":38,"column":1}},"locations":[{"start":{"line":30,"column":13},"end":{"line":38,"column":1}}]},"6":{"type":"branch","line":34,"loc":{"start":{"line":34,"column":24},"end":{"line":34,"column":56}},"locations":[{"start":{"line":34,"column":24},"end":{"line":34,"column":56}}]},"7":{"type":"branch","line":34,"loc":{"start":{"line":34,"column":47},"end":{"line":34,"column":50}},"locations":[{"start":{"line":34,"column":47},"end":{"line":34,"column":50}}]},"8":{"type":"branch","line":42,"loc":{"start":{"line":42,"column":14},"end":{"line":42,"column":38}},"locations":[{"start":{"line":42,"column":14},"end":{"line":42,"column":38}}]}},"b":{"0":[20],"1":[3],"2":[3],"3":[3],"4":[14],"5":[18],"6":[66],"7":[0],"8":[3]},"fnMap":{"0":{"name":"Scream","decl":{"start":{"line":9,"column":0},"end":{"line":17,"column":1}},"loc":{"start":{"line":9,"column":0},"end":{"line":17,"column":1}},"line":9},"1":{"name":"Case","decl":{"start":{"line":30,"column":13},"end":{"line":38,"column":1}},"loc":{"start":{"line":30,"column":13},"end":{"line":38,"column":1}},"line":30},"2":{"name":"Title","decl":{"start":{"line":42,"column":14},"end":{"line":42,"column":38}},"loc":{"start":{"line":42,"column":14},"end":{"line":42,"column":38}},"line":42}},"f":{"0":3,"1":18,"2":3}}
}
