TN:
SF:index.js
FNF:0
FNH:0
DA:1,20
DA:2,20
DA:3,20
LF:3
LH:3
BRDA:1,0,0,20
BRF:1
BRH:1
end_of_record
TN:
SF:src/index.js
FNF:0
FNH:0
DA:1,20
DA:2,20
DA:3,20
LF:3
LH:3
BRDA:1,0,0,20
BRF:1
BRH:1
end_of_record
TN:
SF:src/parameter.js
FN:98,<instance_members_initializer>
FN:142,Parameter
FN:161,format
FN:191,string
FN:225,enumerations
FN:292,initialize
FN:298,enumerable
FNF:7
FNH:7
FNDA:25,<instance_members_initializer>
FNDA:25,Parameter
FNDA:6,format
FNDA:18,string
FNDA:3,enumerations
FNDA:20,initialize
FNDA:20,enumerable
DA:1,20
DA:2,20
DA:3,20
DA:4,20
DA:5,20
DA:6,20
DA:7,20
DA:8,20
DA:9,20
DA:10,20
DA:11,20
DA:12,20
DA:13,20
DA:14,20
DA:15,20
DA:16,20
DA:17,20
DA:18,20
DA:19,20
DA:20,20
DA:21,20
DA:22,20
DA:23,20
DA:24,20
DA:25,20
DA:26,20
DA:27,20
DA:28,20
DA:29,20
DA:30,20
DA:31,20
DA:32,20
DA:33,20
DA:34,20
DA:35,20
DA:36,20
DA:37,20
DA:38,20
DA:39,20
DA:40,20
DA:41,20
DA:42,20
DA:43,20
DA:44,20
DA:45,20
DA:46,20
DA:47,20
DA:48,20
DA:49,20
DA:50,20
DA:51,20
DA:52,20
DA:53,20
DA:54,20
DA:55,20
DA:56,20
DA:57,20
DA:58,20
DA:59,20
DA:60,20
DA:61,20
DA:62,20
DA:63,20
DA:64,20
DA:65,20
DA:66,20
DA:67,20
DA:68,20
DA:69,20
DA:70,20
DA:71,20
DA:72,20
DA:73,20
DA:74,20
DA:75,20
DA:76,20
DA:77,20
DA:78,20
DA:79,20
DA:80,20
DA:81,20
DA:82,20
DA:83,20
DA:84,20
DA:85,20
DA:86,20
DA:87,20
DA:88,20
DA:89,20
DA:90,20
DA:91,20
DA:92,20
DA:93,20
DA:94,20
DA:95,20
DA:96,20
DA:97,20
DA:98,20
DA:99,25
DA:100,25
DA:101,25
DA:102,25
DA:103,25
DA:104,25
DA:105,25
DA:106,25
DA:107,25
DA:108,25
DA:109,25
DA:110,25
DA:111,25
DA:112,25
DA:113,25
DA:114,25
DA:115,25
DA:116,25
DA:117,25
DA:118,25
DA:119,25
DA:120,25
DA:121,25
DA:122,25
DA:123,25
DA:124,25
DA:125,25
DA:126,25
DA:127,25
DA:128,20
DA:129,20
DA:130,20
DA:131,20
DA:132,20
DA:133,20
DA:134,20
DA:135,20
DA:136,20
DA:137,20
DA:138,20
DA:139,20
DA:140,20
DA:141,20
DA:142,20
DA:143,25
DA:144,25
DA:145,25
DA:146,25
DA:147,25
DA:148,25
DA:149,25
DA:150,25
DA:151,20
DA:152,20
DA:153,20
DA:154,20
DA:155,20
DA:156,20
DA:157,20
DA:158,20
DA:159,20
DA:160,20
DA:161,20
DA:162,6
DA:163,6
DA:164,20
DA:165,20
DA:166,20
DA:167,20
DA:168,20
DA:169,20
DA:170,20
DA:171,20
DA:172,20
DA:173,20
DA:174,20
DA:175,20
DA:176,20
DA:177,20
DA:178,20
DA:179,20
DA:180,20
DA:181,20
DA:182,20
DA:183,20
DA:184,20
DA:185,20
DA:186,20
DA:187,20
DA:188,20
DA:189,20
DA:190,20
DA:191,20
DA:192,18
DA:193,18
DA:194,84
DA:195,84
DA:196,84
DA:197,18
DA:198,18
DA:199,18
DA:200,18
DA:201,18
DA:202,18
DA:203,18
DA:204,18
DA:205,18
DA:206,18
DA:207,18
DA:208,18
DA:209,18
DA:210,18
DA:211,18
DA:212,18
DA:213,18
DA:214,18
DA:215,18
DA:216,20
DA:217,20
DA:218,20
DA:219,20
DA:220,20
DA:221,20
DA:222,20
DA:223,20
DA:224,20
DA:225,20
DA:226,3
DA:227,3
DA:228,20
DA:229,20
DA:230,20
DA:231,20
DA:232,20
DA:233,20
DA:234,20
DA:235,20
DA:236,20
DA:237,20
DA:238,20
DA:239,20
DA:240,20
DA:241,20
DA:242,20
DA:243,20
DA:244,20
DA:245,20
DA:246,20
DA:247,20
DA:248,20
DA:249,20
DA:250,20
DA:251,20
DA:252,20
DA:253,20
DA:254,20
DA:255,20
DA:256,20
DA:257,20
DA:258,20
DA:259,20
DA:260,20
DA:261,20
DA:262,20
DA:263,20
DA:264,20
DA:265,20
DA:266,20
DA:267,20
DA:268,20
DA:269,20
DA:270,20
DA:271,20
DA:272,20
DA:273,20
DA:274,20
DA:275,20
DA:276,20
DA:277,20
DA:278,20
DA:279,20
DA:280,20
DA:281,20
DA:282,20
DA:283,20
DA:284,20
DA:285,20
DA:286,20
DA:287,20
DA:288,20
DA:289,20
DA:290,20
DA:291,20
DA:292,20
DA:293,20
DA:294,20
DA:295,20
DA:296,20
DA:297,20
DA:298,20
DA:299,20
DA:300,20
DA:301,6
DA:302,6
DA:303,6
DA:304,6
DA:305,6
DA:306,6
DA:307,6
DA:308,20
DA:309,14
DA:310,14
DA:311,14
DA:312,14
DA:313,14
DA:314,14
DA:315,14
DA:316,20
DA:317,0
DA:318,0
DA:319,0
DA:320,0
DA:321,0
DA:322,0
DA:323,0
DA:324,20
DA:325,20
DA:326,20
DA:327,20
DA:328,20
DA:329,20
DA:330,20
DA:331,20
DA:332,20
DA:333,20
LF:333
LH:326
BRDA:1,0,0,20
BRDA:14,1,0,20
BRDA:39,2,0,20
BRDA:98,3,0,25
BRDA:142,4,0,25
BRDA:149,5,0,7
BRDA:161,6,0,6
BRDA:191,7,0,18
BRDA:199,8,0,12
BRDA:199,9,0,6
BRDA:200,10,0,3
BRDA:200,11,0,3
BRDA:211,12,0,3
BRDA:212,13,0,15
BRDA:212,14,0,3
BRDA:213,15,0,12
BRDA:214,16,0,0
BRDA:193,17,0,84
BRDA:225,18,0,3
BRDA:292,19,0,20
BRDA:293,20,0,0
BRDA:295,21,0,0
BRDA:297,22,0,13
BRDA:327,23,0,0
BRDA:328,24,0,13
BRDA:298,25,0,20
BRDA:300,26,0,6
BRDA:308,27,0,14
BRDA:316,28,0,0
BRF:29
BRH:24
end_of_record
TN:
SF:src/train-case.js
FN:9,Scream
FN:30,Case
FN:42,Title
FNF:3
FNH:3
FNDA:3,Scream
FNDA:18,Case
FNDA:3,Title
DA:1,20
DA:2,20
DA:3,20
DA:4,20
DA:5,20
DA:6,20
DA:7,20
DA:8,20
DA:9,3
DA:10,3
DA:11,3
DA:12,3
DA:13,3
DA:14,3
DA:15,14
DA:16,3
DA:17,3
DA:18,20
DA:19,20
DA:20,20
DA:21,20
DA:22,20
DA:23,20
DA:24,20
DA:25,20
DA:26,20
DA:27,20
DA:28,20
DA:29,20
DA:30,20
DA:31,18
DA:32,18
DA:33,18
DA:34,18
DA:35,18
DA:36,18
DA:37,18
DA:38,20
DA:39,20
DA:40,20
DA:41,20
DA:42,20
DA:43,20
DA:44,20
LF:44
LH:44
BRDA:1,0,0,20
BRDA:9,1,0,3
BRDA:10,2,0,3
BRDA:12,3,0,3
BRDA:14,4,0,14
BRDA:30,5,0,18
BRDA:34,6,0,66
BRDA:34,7,0,0
BRDA:42,8,0,3
BRF:9
BRH:8
end_of_record
